#
# There is insufficient memory for the Java Runtime Environment to continue.
# Native memory allocation (malloc) failed to allocate 58872 bytes. Error detail: Chunk::new
# Possible reasons:
#   The system is out of physical RAM or swap space
#   This process is running with CompressedOops enabled, and the Java Heap may be blocking the growth of the native heap
# Possible solutions:
#   Reduce memory load on the system
#   Increase physical memory or swap space
#   Check if swap backing store is full
#   Decrease Java heap size (-Xmx/-Xms)
#   Decrease number of Java threads
#   Decrease Java thread stack sizes (-Xss)
#   Set larger code cache with -XX:ReservedCodeCacheSize=
#   JVM is running with Unscaled Compressed Oops mode in which the Java heap is
#     placed in the first 4GB address space. The Java Heap base address is the
#     maximum limit for the native heap growth. Please use -XX:HeapBaseMinAddress
#     to set the Java Heap base and to place the Java Heap above 4GB virtual address.
# This output file may be truncated or incomplete.
#
#  Out of Memory Error (arena.cpp:149), pid=62920, tid=63428
#
# JRE version: OpenJDK Runtime Environment Zulu23.30+13-CA (23.0.1+11) (build 23.0.1+11)
# Java VM: OpenJDK 64-Bit Server VM Zulu23.30+13-CA (23.0.1+11, mixed mode, tiered, compressed oops, compressed class ptrs, g1 gc, windows-amd64)
# No core dump will be written. Minidumps are not enabled by default on client versions of Windows
#

---------------  S U M M A R Y ------------

Command Line: -Dapplication.home=D:\download\zulu23.30.13-ca-fx-jdk23.0.1-win_x64\zulu23.30.13-ca-fx-jdk23.0.1-win_x64 --add-modules=ALL-DEFAULT -Xms8m -Djdk.module.main=jdk.compiler jdk.compiler/com.sun.tools.javac.Main -d D:\YEAR 1 SEM 1\CODING FOP LAB\assignment\TO DO LIST\build\classes -classpath D:\YEAR 1 SEM 1\CODING FOP LAB\assignment\TO DO LIST\build\classes;D:\download\mysql-connector-j-9.1.0\mysql-connector-j-9.1.0.jar -sourcepath D:\YEAR 1 SEM 1\CODING FOP LAB\assignment\TO DO LIST\src -target 23 -encoding UTF-8 -g -processorpath D:\download\mysql-connector-j-9.1.0\mysql-connector-j-9.1.0.jar;D:\YEAR 1 SEM 1\CODING FOP LAB\assignment\TO DO LIST\build\empty -s D:\YEAR 1 SEM 1\CODING FOP LAB\assignment\TO DO LIST\build\generated-sources\ap-source-output -source 23 D:\YEAR 1 SEM 1\CODING FOP LAB\assignment\TO DO LIST\src\to\pkgdo\list\TODOLIST.java

Host: AMD Ryzen 3 5300U with Radeon Graphics         , 8 cores, 5G,  Windows 10 , 64 bit Build 19041 (10.0.19041.5198)
Time: Sun Jan  5 22:25:08 2025 Malay Peninsula Standard Time elapsed time: 0.147543 seconds (0d 0h 0m 0s)

---------------  T H R E A D  ---------------

Current thread (0x000001c53b290f10):  JavaThread "main"             [_thread_in_vm, id=63428, stack(0x000000597ba00000,0x000000597bb00000) (1024K)]

Stack: [0x000000597ba00000,0x000000597bb00000]
Native frames: (J=compiled Java code, j=interpreted, Vv=VM code, C=native code)
V  [jvm.dll+0x6ef889]  (no source info available)
V  [jvm.dll+0x8e04e3]  (no source info available)
V  [jvm.dll+0x8e27ae]  (no source info available)
V  [jvm.dll+0x8e2e93]  (no source info available)
V  [jvm.dll+0x285b86]  (no source info available)
V  [jvm.dll+0xbcb0f]  (no source info available)
V  [jvm.dll+0xbcd6b]  (no source info available)
V  [jvm.dll+0x223ce1]  (no source info available)
V  [jvm.dll+0x222f01]  (no source info available)
V  [jvm.dll+0x8548c0]  (no source info available)
V  [jvm.dll+0x855946]  (no source info available)
V  [jvm.dll+0x855f46]  (no source info available)
V  [jvm.dll+0x855bd8]  (no source info available)
V  [jvm.dll+0x272ebb]  (no source info available)
V  [jvm.dll+0x2730e6]  (no source info available)
V  [jvm.dll+0x5ee267]  (no source info available)
V  [jvm.dll+0x5f127f]  (no source info available)
V  [jvm.dll+0x3e24a8]  (no source info available)
V  [jvm.dll+0x3e1aad]  (no source info available)
C  0x000001c54e479c71  (no source info available)

The last pc belongs to invokestatic (printed below).
Java frames: (J=compiled Java code, j=interpreted, Vv=VM code)
j  jdk.internal.access.SharedSecrets.ensureClassInitialized(Ljava/lang/Class;)V+0 java.base
j  jdk.internal.access.SharedSecrets.getJavaLangModuleAccess()Ljdk/internal/access/JavaLangModuleAccess;+10 java.base
j  jdk.internal.module.ModuleBootstrap.<clinit>()V+22 java.base
v  ~StubRoutines::call_stub 0x000001c54e460fcd
j  java.lang.System.initPhase2(ZZ)I+0 java.base
v  ~StubRoutines::call_stub 0x000001c54e460fcd
Lock stack of current Java thread (top to bottom):

invokestatic  184 invokestatic  [0x000001c54e479bc0, 0x000001c54e479e88]  712 bytes
[MachCode]
  0x000001c54e479bc0: 4883 ec08 | c5fa 1104 | 24eb 1f48 | 83ec 10c5 | fb11 0424 | eb14 4883 | ec10 4889 | 0424 48c7 
  0x000001c54e479be0: 4424 0800 | 0000 00eb | 0150 488b | 4dd0 410f | b755 0148 | 8b49 306b | d218 488d | 4c11 080f 
  0x000001c54e479c00: b659 1681 | fbb8 0000 | 000f 84bd | 0000 00bb | b800 0000 | e805 0000 | 00e9 9900 | 0000 488b 
  0x000001c54e479c20: d348 8d44 | 2408 4c89 | 6dc0 498b | cfc5 f877 | 4989 afb0 | 0300 0049 | 8987 a003 | 0000 4883 
  0x000001c54e479c40: ec20 40f6 | c40f 0f84 | 1900 0000 | 4883 ec08 | 48b8 401a | 4fff fa7f | 0000 ffd0 | 4883 c408 
  0x000001c54e479c60: e90c 0000 | 0048 b840 | 1a4f fffa | 7f00 00ff | d048 83c4 | 2049 c787 | a003 0000 | 0000 0000 
  0x000001c54e479c80: 49c7 87b0 | 0300 0000 | 0000 0049 | c787 a803 | 0000 0000 | 0000 c5f8 | 7749 837f | 0800 0f84 
  0x000001c54e479ca0: 0500 0000 | e917 72fe | ff4c 8b6d | c04c 8b75 | c84e 8d74 | f500 c348 | 8b4d d041 | 0fb7 5501 
  0x000001c54e479cc0: 488b 4930 | 6bd2 1848 | 8d4c 1108 | 488b 1948 | 8b5b 0848 | 8b5b 0848 | 8b5b 1880 | bb31 0100 
  0x000001c54e479ce0: 0004 0f84 | 0d00 0000 | 4c3b bb38 | 0100 000f | 851a ffff | ff0f b651 | 1548 8b19 | 4c89 6dc0 
  0x000001c54e479d00: 448b ea0f | b651 1449 | ba00 4be1 | fffa 7f00 | 0049 8b14 | d252 418b | d54c 8b6d | c048 8b45 
  0x000001c54e479d20: d848 85c0 | 0f84 1200 | 0000 4883 | 4008 0148 | 8358 0800 | 4883 c010 | 4889 45d8 | 488b 45d8 
  0x000001c54e479d40: 4885 c00f | 8423 0100 | 0080 78f0 | 0a0f 8519 | 0100 0048 | 83c0 084c | 8b68 f841 | 83ed 0041 
  0x000001c54e479d60: 83fd 020f | 8cf8 0000 | 004c 8b6b | 0845 0fb7 | 6d2e 4c2b | 2841 83ed | 014e 8b6c | ec08 4d85 
  0x000001c54e479d80: ed75 0ef6 | 4008 0175 | 4bf0 4883 | 4808 01eb | 4345 8b6d | 084d 8bd5 | 4c33 6808 | 49f7 c5fc 
  0x000001c54e479da0: ffff ff74 | 2f41 f6c5 | 0275 2948 | 8378 0800 | 741e 4883 | 7808 0174 | 174d 8bea | 4c33 6808 
  0x000001c54e479dc0: 49f7 c5fc | ffff ff74 | 0b48 8348 | 0802 eb04 | 4c89 6808 | 4883 c010 | 4c8b 68e8 | 4183 ed02 
  0x000001c54e479de0: 4183 fd02 | 0f8c 7700 | 0000 4c8b | 6b08 450f | b76d 2e4c | 2b28 4183 | ed01 4e8b | 6cec 084d 
  0x000001c54e479e00: 85ed 750e | f640 0801 | 754b f048 | 8348 0801 | eb43 458b | 6d08 4d8b | d54c 3368 | 0849 f7c5 
  0x000001c54e479e20: fcff ffff | 742f 41f6 | c502 7529 | 4883 7808 | 0074 1e48 | 8378 0801 | 7417 4d8b | ea4c 3368 
  0x000001c54e479e40: 0849 f7c5 | fcff ffff | 740b 4883 | 4808 02eb | 044c 8968 | 0848 83c0 | 104c 8b68 | d841 83ed 
  0x000001c54e479e60: 0441 c1e5 | 0349 03c5 | 4889 45d8 | 4c8d 6c24 | 0849 8bcd | 482b cd48 | c1f9 0348 | 894d f0ff 
  0x000001c54e479e80: 6350 660f | 1f44 0000 
[/MachCode]

---------------  P R O C E S S  ---------------

Threads class SMR info:
_java_thread_list=0x000001c55aa26fd0, length=9, elements={
0x000001c53b290f10, 0x000001c55aa3c7f0, 0x000001c55aa25380, 0x000001c55aa28a10,
0x000001c55aa29080, 0x000001c55aa2a280, 0x000001c55aa2e980, 0x000001c55aa30ec0,
0x000001c55aa4d130
}

Java Threads: ( => current thread )
=>0x000001c53b290f10 JavaThread "main"                              [_thread_in_vm, id=63428, stack(0x000000597ba00000,0x000000597bb00000) (1024K)]
  0x000001c55aa3c7f0 JavaThread "Reference Handler"          daemon [_thread_blocked, id=59280, stack(0x000000597c200000,0x000000597c300000) (1024K)]
  0x000001c55aa25380 JavaThread "Finalizer"                  daemon [_thread_blocked, id=58308, stack(0x000000597c300000,0x000000597c400000) (1024K)]
  0x000001c55aa28a10 JavaThread "Signal Dispatcher"          daemon [_thread_blocked, id=59800, stack(0x000000597c400000,0x000000597c500000) (1024K)]
  0x000001c55aa29080 JavaThread "Attach Listener"            daemon [_thread_blocked, id=60120, stack(0x000000597c500000,0x000000597c600000) (1024K)]
  0x000001c55aa2a280 JavaThread "Service Thread"             daemon [_thread_blocked, id=62816, stack(0x000000597c600000,0x000000597c700000) (1024K)]
  0x000001c55aa2e980 JavaThread "Monitor Deflation Thread"   daemon [_thread_blocked, id=61800, stack(0x000000597c700000,0x000000597c800000) (1024K)]
  0x000001c55aa30ec0 JavaThread "C2 CompilerThread0"         daemon [_thread_blocked, id=55540, stack(0x000000597c800000,0x000000597c900000) (1024K)]
  0x000001c55aa4d130 JavaThread "C1 CompilerThread0"         daemon [_thread_blocked, id=35804, stack(0x000000597c900000,0x000000597ca00000) (1024K)]
Total: 9

Other Threads:
  0x000001c55a9c52d0 VMThread "VM Thread"                           [id=63456, stack(0x000000597c100000,0x000000597c200000) (1024K)]
  0x000001c55a96ad20 WatcherThread "VM Periodic Task Thread"        [id=60632, stack(0x000000597c000000,0x000000597c100000) (1024K)]
  0x000001c53d4ff0f0 WorkerThread "GC Thread#0"                     [id=61540, stack(0x000000597bb00000,0x000000597bc00000) (1024K)]
  0x000001c53d50eda0 ConcurrentGCThread "G1 Main Marker"            [id=59484, stack(0x000000597bc00000,0x000000597bd00000) (1024K)]
  0x000001c53d510050 WorkerThread "G1 Conc#0"                       [id=59924, stack(0x000000597bd00000,0x000000597be00000) (1024K)]
  0x000001c53d53dd20 ConcurrentGCThread "G1 Refine#0"               [id=59696, stack(0x000000597be00000,0x000000597bf00000) (1024K)]
  0x000001c53d53e8a0 ConcurrentGCThread "G1 Service"                [id=62524, stack(0x000000597bf00000,0x000000597c000000) (1024K)]
Total: 7

Threads with active compile tasks:
Total: 0

VM state: not at safepoint (normal execution)

VM Mutex/Monitor currently owned by a thread: None

Heap address: 0x00000000a2200000, size: 1502 MB, Compressed Oops mode: 32-bit

CDS archive(s) not mapped
Compressed class space mapped at: 0x0000000024000000-0x0000000064000000, reserved size: 1073741824
Narrow klass base: 0x0000000000000000, Narrow klass shift: 0, Narrow klass range: 0x64000000

GC Precious Log:
 CardTable entry size: 512
 Card Set container configuration: InlinePtr #cards 5 size 8 Array Of Cards #cards 10 size 36 Howl #buckets 4 coarsen threshold 1843 Howl Bitmap #cards 512 size 80 coarsen threshold 460 Card regions per heap region 1 cards per card region 2048
 CPUs: 8 total, 8 available
 Memory: 6005M
 Large Page Support: Disabled
 NUMA Support: Disabled
 Compressed Oops: Enabled (32-bit)
 Heap Region Size: 1M
 Heap Min Capacity: 8M
 Heap Initial Capacity: 8M
 Heap Max Capacity: 1502M
 Pre-touch: Disabled
 Parallel Workers: 8
 Concurrent Workers: 2
 Concurrent Refinement Workers: 8
 Periodic GC: Disabled

Heap:
 garbage-first heap   total reserved 1538048K, committed 8192K, used 0K [0x00000000a2200000, 0x0000000100000000)
  region size 1024K, 1 young (1024K), 0 survivors (0K)
 Metaspace       used 3028K, committed 3072K, reserved 1114112K
  class space    used 229K, committed 256K, reserved 1048576K

Heap Regions: E=young(eden), S=young(survivor), O=old, HS=humongous(starts), HC=humongous(continues), CS=collection set, F=free, TAMS=top-at-mark-start, PB=parsable bottom
|   0|0x00000000a2200000, 0x00000000a2200000, 0x00000000a2300000|  0%| F|  |TAMS 0x00000000a2200000| PB 0x00000000a2200000| Untracked |  0
|   1|0x00000000a2300000, 0x00000000a2300000, 0x00000000a2400000|  0%| F|  |TAMS 0x00000000a2300000| PB 0x00000000a2300000| Untracked |  0
|   2|0x00000000a2400000, 0x00000000a2400000, 0x00000000a2500000|  0%| F|  |TAMS 0x00000000a2400000| PB 0x00000000a2400000| Untracked |  0
|   3|0x00000000a2500000, 0x00000000a2500000, 0x00000000a2600000|  0%| F|  |TAMS 0x00000000a2500000| PB 0x00000000a2500000| Untracked |  0
|   4|0x00000000a2600000, 0x00000000a2600000, 0x00000000a2700000|  0%| F|  |TAMS 0x00000000a2600000| PB 0x00000000a2600000| Untracked |  0
|   5|0x00000000a2700000, 0x00000000a2700000, 0x00000000a2800000|  0%| F|  |TAMS 0x00000000a2700000| PB 0x00000000a2700000| Untracked |  0
|   6|0x00000000a2800000, 0x00000000a2800000, 0x00000000a2900000|  0%| F|  |TAMS 0x00000000a2800000| PB 0x00000000a2800000| Untracked |  0
|   7|0x00000000a2900000, 0x00000000a2951fb0, 0x00000000a2a00000| 32%| E|  |TAMS 0x00000000a2900000| PB 0x00000000a2900000| Complete |  0

Card table byte_map: [0x000001c556550000,0x000001c556840000] _byte_map_base: 0x000001c55603f000

Marking Bits: (CMBitMap*) 0x000001c53d4ff800
 Bits: [0x000001c556840000, 0x000001c557fb8000)

Polling page: 0x000001c53b3b0000

Metaspace:

Usage:
  Non-class:      2.73 MB used.
      Class:    229.12 KB used.
       Both:      2.96 MB used.

Virtual space:
  Non-class space:       64.00 MB reserved,       2.75 MB (  4%) committed,  1 nodes.
      Class space:        1.00 GB reserved,     256.00 KB ( <1%) committed,  1 nodes.
             Both:        1.06 GB reserved,       3.00 MB ( <1%) committed. 

Chunk freelists:
   Non-Class:  12.00 MB
       Class:  15.75 MB
        Both:  27.75 MB

MaxMetaspaceSize: unlimited
CompressedClassSpaceSize: 1.00 GB
Initial GC threshold: 21.00 MB
Current GC threshold: 21.00 MB
CDS: off
 - commit_granule_bytes: 65536.
 - commit_granule_words: 8192.
 - virtual_space_node_default_size: 8388608.
 - enlarge_chunks_in_place: 1.
 - use_allocation_guard: 0.


Internal statistics:

num_allocs_failed_limit: 0.
num_arena_births: 2.
num_arena_deaths: 0.
num_vsnodes_births: 2.
num_vsnodes_deaths: 0.
num_space_committed: 48.
num_space_uncommitted: 0.
num_chunks_returned_to_freelist: 0.
num_chunks_taken_from_freelist: 3.
num_chunk_merges: 0.
num_chunk_splits: 2.
num_chunks_enlarged: 0.
num_inconsistent_stats: 0.

CodeHeap 'non-profiled nmethods': size=120064Kb used=0Kb max_used=0Kb free=120064Kb
 bounds [0x000001c54e9f0000, 0x000001c54ec60000, 0x000001c555f30000]
CodeHeap 'profiled nmethods': size=120000Kb used=4Kb max_used=4Kb free=119995Kb
 bounds [0x000001c546f30000, 0x000001c5471a0000, 0x000001c54e460000]
CodeHeap 'non-nmethods': size=5696Kb used=1128Kb max_used=1142Kb free=4567Kb
 bounds [0x000001c54e460000, 0x000001c54e6d0000, 0x000001c54e9f0000]
CodeCache: size=245760Kb, used=1132Kb, max_used=1146Kb, free=244626Kb
 total_blobs=277, nmethods=5, adapters=179, full_count=0
Compilation: enabled, stopped_count=0, restarted_count=0

Compilation events (10 events):
Event: 0.140 Thread 0x000001c55aa4d130    1       3       java.lang.Byte::toUnsignedInt (6 bytes)
Event: 0.140 Thread 0x000001c55aa4d130 nmethod 1 0x000001c546f30008 code [0x000001c546f30120, 0x000001c546f30218]
Event: 0.140 Thread 0x000001c55aa4d130    2       3       jdk.internal.util.ArraysSupport::unsignedHashCode (36 bytes)
Event: 0.140 Thread 0x000001c55aa4d130 nmethod 2 0x000001c546f30308 code [0x000001c546f30440, 0x000001c546f30660]
Event: 0.140 Thread 0x000001c55aa4d130    3       3       java.lang.String::isLatin1 (19 bytes)
Event: 0.141 Thread 0x000001c55aa4d130 nmethod 3 0x000001c546f30688 code [0x000001c546f307a0, 0x000001c546f30910]
Event: 0.141 Thread 0x000001c55aa4d130    4       3       java.lang.Object::<init> (1 bytes)
Event: 0.141 Thread 0x000001c55aa4d130 nmethod 4 0x000001c546f30988 code [0x000001c546f30aa0, 0x000001c546f30ba8]
Event: 0.142 Thread 0x000001c55aa4d130    5       3       java.lang.String::hashCode (60 bytes)
Event: 0.143 Thread 0x000001c55aa4d130 nmethod 5 0x000001c546f30c88 code [0x000001c546f30de0, 0x000001c546f31200]

GC Heap History (0 events):
No events

Dll operation events (2 events):
Event: 0.018 Loaded shared library D:\download\zulu23.30.13-ca-fx-jdk23.0.1-win_x64\zulu23.30.13-ca-fx-jdk23.0.1-win_x64\bin\java.dll
Event: 0.140 Loaded shared library D:\download\zulu23.30.13-ca-fx-jdk23.0.1-win_x64\zulu23.30.13-ca-fx-jdk23.0.1-win_x64\bin\jsvml.dll

Deoptimization events (0 events):
No events

Classes loaded (20 events):
Event: 0.138 Loading class java/lang/invoke/MethodHandleStatics done
Event: 0.139 Loading class java/lang/reflect/ClassFileFormatVersion
Event: 0.139 Loading class java/lang/reflect/ClassFileFormatVersion done
Event: 0.139 Loading class sun/security/action/GetPropertyAction
Event: 0.139 Loading class sun/security/action/GetPropertyAction done
Event: 0.140 Loading class jdk/internal/util/ClassFileDumper
Event: 0.140 Loading class jdk/internal/util/ClassFileDumper done
Event: 0.140 Loading class java/util/HexFormat
Event: 0.141 Loading class java/util/HexFormat done
Event: 0.141 Loading class java/util/HexFormat$Case
Event: 0.141 Loading class java/util/HexFormat$Case done
Event: 0.141 Loading class java/lang/Character$CharacterCache
Event: 0.141 Loading class java/lang/Character$CharacterCache done
Event: 0.141 Loading class java/util/concurrent/atomic/AtomicInteger
Event: 0.142 Loading class java/util/concurrent/atomic/AtomicInteger done
Event: 0.142 Loading class jdk/internal/module/ModuleBootstrap
Event: 0.143 Loading class jdk/internal/module/ModuleBootstrap done
Event: 0.144 Loading class java/lang/module/ModuleDescriptor
Event: 0.144 Loading class java/lang/module/ModuleDescriptor done
Event: 0.144 Loading class java/lang/invoke/MethodHandles

Classes unloaded (0 events):
No events

Classes redefined (0 events):
No events

Internal exceptions (0 events):
No events

VM Operations (0 events):
No events

Memory protections (0 events):
No events

Nmethod flushes (0 events):
No events

Events (9 events):
Event: 0.025 Thread 0x000001c53b290f10 Thread added: 0x000001c53b290f10
Event: 0.134 Thread 0x000001c53b290f10 Thread added: 0x000001c55aa3c7f0
Event: 0.135 Thread 0x000001c53b290f10 Thread added: 0x000001c55aa25380
Event: 0.137 Thread 0x000001c53b290f10 Thread added: 0x000001c55aa28a10
Event: 0.137 Thread 0x000001c53b290f10 Thread added: 0x000001c55aa29080
Event: 0.137 Thread 0x000001c53b290f10 Thread added: 0x000001c55aa2a280
Event: 0.137 Thread 0x000001c53b290f10 Thread added: 0x000001c55aa2e980
Event: 0.138 Thread 0x000001c53b290f10 Thread added: 0x000001c55aa30ec0
Event: 0.138 Thread 0x000001c53b290f10 Thread added: 0x000001c55aa4d130


Dynamic libraries:
0x00007ff623f90000 - 0x00007ff623f98000 	D:\download\zulu23.30.13-ca-fx-jdk23.0.1-win_x64\zulu23.30.13-ca-fx-jdk23.0.1-win_x64\bin\javac.exe
0x00007ffb82270000 - 0x00007ffb82468000 	C:\WINDOWS\SYSTEM32\ntdll.dll
0x00007ffb53ba0000 - 0x00007ffb53bba000 	C:\Program Files\Avast Software\Avast\aswhook.dll
0x00007ffb803b0000 - 0x00007ffb80472000 	C:\WINDOWS\System32\KERNEL32.DLL
0x00007ffb7ff00000 - 0x00007ffb801fe000 	C:\WINDOWS\System32\KERNELBASE.dll
0x00007ffb7fc90000 - 0x00007ffb7fd90000 	C:\WINDOWS\System32\ucrtbase.dll
0x00007ffb77cd0000 - 0x00007ffb77ceb000 	D:\download\zulu23.30.13-ca-fx-jdk23.0.1-win_x64\zulu23.30.13-ca-fx-jdk23.0.1-win_x64\bin\VCRUNTIME140.dll
0x00007ffb77cf0000 - 0x00007ffb77d07000 	D:\download\zulu23.30.13-ca-fx-jdk23.0.1-win_x64\zulu23.30.13-ca-fx-jdk23.0.1-win_x64\bin\jli.dll
0x00007ffb81fa0000 - 0x00007ffb8213d000 	C:\WINDOWS\System32\USER32.dll
0x00007ffb6edd0000 - 0x00007ffb6f06a000 	C:\WINDOWS\WinSxS\amd64_microsoft.windows.common-controls_6595b64144ccf1df_6.0.19041.4355_none_60b8b9eb71f62e16\COMCTL32.dll
0x00007ffb7f910000 - 0x00007ffb7f932000 	C:\WINDOWS\System32\win32u.dll
0x00007ffb80290000 - 0x00007ffb8032e000 	C:\WINDOWS\System32\msvcrt.dll
0x00007ffb813b0000 - 0x00007ffb813db000 	C:\WINDOWS\System32\GDI32.dll
0x00007ffb7fd90000 - 0x00007ffb7fea7000 	C:\WINDOWS\System32\gdi32full.dll
0x00007ffb7fbc0000 - 0x00007ffb7fc5d000 	C:\WINDOWS\System32\msvcp_win.dll
0x00007ffb81d60000 - 0x00007ffb81d8f000 	C:\WINDOWS\System32\IMM32.DLL
0x00007ffb7c4e0000 - 0x00007ffb7c4ec000 	D:\download\zulu23.30.13-ca-fx-jdk23.0.1-win_x64\zulu23.30.13-ca-fx-jdk23.0.1-win_x64\bin\vcruntime140_1.dll
0x00007ffb352b0000 - 0x00007ffb3533e000 	D:\download\zulu23.30.13-ca-fx-jdk23.0.1-win_x64\zulu23.30.13-ca-fx-jdk23.0.1-win_x64\bin\msvcp140.dll
0x00007ffaff110000 - 0x00007ffaffee6000 	D:\download\zulu23.30.13-ca-fx-jdk23.0.1-win_x64\zulu23.30.13-ca-fx-jdk23.0.1-win_x64\bin\server\jvm.dll
0x00007ffb806f0000 - 0x00007ffb807a1000 	C:\WINDOWS\System32\ADVAPI32.dll
0x00007ffb80980000 - 0x00007ffb80a1f000 	C:\WINDOWS\System32\sechost.dll
0x00007ffb80480000 - 0x00007ffb805a3000 	C:\WINDOWS\System32\RPCRT4.dll
0x00007ffb7fc60000 - 0x00007ffb7fc87000 	C:\WINDOWS\System32\bcrypt.dll
0x00007ffb818b0000 - 0x00007ffb8191b000 	C:\WINDOWS\System32\WS2_32.dll
0x00007ffb76d00000 - 0x00007ffb76d0a000 	C:\WINDOWS\SYSTEM32\VERSION.dll
0x00007ffb73a00000 - 0x00007ffb73a27000 	C:\WINDOWS\SYSTEM32\WINMM.dll
0x00007ffb7f770000 - 0x00007ffb7f7bb000 	C:\WINDOWS\SYSTEM32\POWRPROF.dll
0x00007ffb7f750000 - 0x00007ffb7f762000 	C:\WINDOWS\SYSTEM32\UMPDC.dll
0x00007ffb7d790000 - 0x00007ffb7d7a2000 	C:\WINDOWS\SYSTEM32\kernel.appcore.dll
0x00007ffb77cc0000 - 0x00007ffb77cca000 	D:\download\zulu23.30.13-ca-fx-jdk23.0.1-win_x64\zulu23.30.13-ca-fx-jdk23.0.1-win_x64\bin\jimage.dll
0x00007ffb77110000 - 0x00007ffb772f4000 	C:\WINDOWS\SYSTEM32\DBGHELP.DLL
0x00007ffb74da0000 - 0x00007ffb74dd4000 	C:\WINDOWS\SYSTEM32\dbgcore.DLL
0x00007ffb80200000 - 0x00007ffb80282000 	C:\WINDOWS\System32\bcryptPrimitives.dll
0x00007ffb646a0000 - 0x00007ffb646be000 	D:\download\zulu23.30.13-ca-fx-jdk23.0.1-win_x64\zulu23.30.13-ca-fx-jdk23.0.1-win_x64\bin\java.dll
0x00007ffb805c0000 - 0x00007ffb806eb000 	C:\WINDOWS\System32\ole32.dll
0x00007ffb81920000 - 0x00007ffb81c73000 	C:\WINDOWS\System32\combase.dll
0x00007ffb80a20000 - 0x00007ffb8118d000 	C:\WINDOWS\System32\SHELL32.dll
0x00007ffb7d990000 - 0x00007ffb7e134000 	C:\WINDOWS\SYSTEM32\windows.storage.dll
0x00007ffb7f270000 - 0x00007ffb7f29e000 	C:\WINDOWS\SYSTEM32\Wldp.dll
0x00007ffb81d90000 - 0x00007ffb81e5d000 	C:\WINDOWS\System32\OLEAUT32.dll
0x00007ffb808d0000 - 0x00007ffb8097d000 	C:\WINDOWS\System32\SHCORE.dll
0x00007ffb811a0000 - 0x00007ffb811f5000 	C:\WINDOWS\System32\shlwapi.dll
0x00007ffb7f840000 - 0x00007ffb7f864000 	C:\WINDOWS\SYSTEM32\profapi.dll
0x00007ffb277c0000 - 0x00007ffb27897000 	D:\download\zulu23.30.13-ca-fx-jdk23.0.1-win_x64\zulu23.30.13-ca-fx-jdk23.0.1-win_x64\bin\jsvml.dll

dbghelp: loaded successfully - version: 4.0.5 - missing functions: none
symbol engine: initialized successfully - sym options: 0x614 - pdb path: .;D:\download\zulu23.30.13-ca-fx-jdk23.0.1-win_x64\zulu23.30.13-ca-fx-jdk23.0.1-win_x64\bin;C:\WINDOWS\SYSTEM32;C:\Program Files\Avast Software\Avast;C:\WINDOWS\WinSxS\amd64_microsoft.windows.common-controls_6595b64144ccf1df_6.0.19041.4355_none_60b8b9eb71f62e16;D:\download\zulu23.30.13-ca-fx-jdk23.0.1-win_x64\zulu23.30.13-ca-fx-jdk23.0.1-win_x64\bin\server

VM Arguments:
jvm_args: -Dapplication.home=D:\download\zulu23.30.13-ca-fx-jdk23.0.1-win_x64\zulu23.30.13-ca-fx-jdk23.0.1-win_x64 --add-modules=ALL-DEFAULT -Xms8m -Djdk.module.main=jdk.compiler 
java_command: jdk.compiler/com.sun.tools.javac.Main -d D:\YEAR 1 SEM 1\CODING FOP LAB\assignment\TO DO LIST\build\classes -classpath D:\YEAR 1 SEM 1\CODING FOP LAB\assignment\TO DO LIST\build\classes;D:\download\mysql-connector-j-9.1.0\mysql-connector-j-9.1.0.jar -sourcepath D:\YEAR 1 SEM 1\CODING FOP LAB\assignment\TO DO LIST\src -target 23 -encoding UTF-8 -g -processorpath D:\download\mysql-connector-j-9.1.0\mysql-connector-j-9.1.0.jar;D:\YEAR 1 SEM 1\CODING FOP LAB\assignment\TO DO LIST\build\empty -s D:\YEAR 1 SEM 1\CODING FOP LAB\assignment\TO DO LIST\build\generated-sources\ap-source-output -source 23 D:\YEAR 1 SEM 1\CODING FOP LAB\assignment\TO DO LIST\src\to\pkgdo\list\TODOLIST.java
java_class_path (initial): <not set>
Launcher Type: SUN_STANDARD

[Global flags]
     intx CICompilerCount                          = 4                                         {product} {ergonomic}
     uint ConcGCThreads                            = 2                                         {product} {ergonomic}
     uint G1ConcRefinementThreads                  = 8                                         {product} {ergonomic}
   size_t G1HeapRegionSize                         = 1048576                                   {product} {ergonomic}
   size_t InitialHeapSize                          = 8388608                                   {product} {command line}
   size_t MarkStackSize                            = 4194304                                   {product} {ergonomic}
   size_t MarkStackSizeMax                         = 536870912                                 {product} {ergonomic}
   size_t MaxHeapSize                              = 1574961152                                {product} {ergonomic}
   size_t MaxNewSize                               = 944766976                                 {product} {ergonomic}
   size_t MinHeapDeltaBytes                        = 1048576                                   {product} {ergonomic}
   size_t MinHeapSize                              = 8388608                                   {product} {command line}
    uintx NonNMethodCodeHeapSize                   = 5832704                                {pd product} {ergonomic}
    uintx NonProfiledCodeHeapSize                  = 122945536                              {pd product} {ergonomic}
    uintx ProfiledCodeHeapSize                     = 122880000                              {pd product} {ergonomic}
    uintx ReservedCodeCacheSize                    = 251658240                              {pd product} {ergonomic}
     bool SegmentedCodeCache                       = true                                      {product} {ergonomic}
   size_t SoftMaxHeapSize                          = 1574961152                             {manageable} {ergonomic}
     bool UseCompressedOops                        = true                           {product lp64_product} {ergonomic}
     bool UseG1GC                                  = true                                      {product} {ergonomic}
     bool UseLargePagesIndividualAllocation        = false                                  {pd product} {ergonomic}

Logging:
Log output configuration:
 #0: stdout all=warning uptime,level,tags foldmultilines=false
 #1: stderr all=off uptime,level,tags foldmultilines=false

Environment Variables:
JAVA_HOME=C:\Program Files\Java\jdk-23
PATH=C:\Program Files\Common Files\Oracle\Java\javapath;C:\Program Files (x86)\Common Files\Oracle\Java\javapath;C:\ProgramData\Oracle\Java\javapath;C:\WINDOWS\system32;C:\WINDOWS;C:\WINDOWS\System32\Wbem;C:\WINDOWS\System32\WindowsPowerShell\v1.0\;C:\WINDOWS\System32\OpenSSH\;C:\Program Files\nodejs\;C:\Program Files\Git\cmd;C:\Program Files\PuTTY\;C:\Users\user\AppData\Local\Microsoft\WindowsApps;C:\Users\user\AppData\Local\Programs\Microsoft VS Code\bin;C:\Users\user\AppData\Roaming\npm;C:\Program Files\Java\jdk-23\bin;
USERNAME=user
OS=Windows_NT
PROCESSOR_IDENTIFIER=AMD64 Family 23 Model 104 Stepping 1, AuthenticAMD
TMP=C:\Users\user\AppData\Local\Temp
TEMP=C:\Users\user\AppData\Local\Temp




Periodic native trim disabled

---------------  S Y S T E M  ---------------

OS:
 Windows 10 , 64 bit Build 19041 (10.0.19041.5198)
OS uptime: 3 days 22:17 hours

CPU: total 8 (initial active 8) (8 cores per cpu, 2 threads per core) family 23 model 104 stepping 1 microcode 0x0, cx8, cmov, fxsr, ht, mmx, 3dnowpref, sse, sse2, sse3, ssse3, sse4a, sse4.1, sse4.2, popcnt, lzcnt, tsc, tscinvbit, avx, avx2, aes, clmul, bmi1, bmi2, adx, sha, fma, vzeroupper, clflush, clflushopt, rdtscp, rdpid, f16c
Processor Information for processor 0
  Max Mhz: 2600, Current Mhz: 1498, Mhz Limit: 2600
Processor Information for processor 1
  Max Mhz: 2600, Current Mhz: 1498, Mhz Limit: 2600
Processor Information for processor 2
  Max Mhz: 2600, Current Mhz: 1498, Mhz Limit: 2600
Processor Information for processor 3
  Max Mhz: 2600, Current Mhz: 1896, Mhz Limit: 2600
Processor Information for processor 4
  Max Mhz: 2600, Current Mhz: 1498, Mhz Limit: 2600
Processor Information for processor 5
  Max Mhz: 2600, Current Mhz: 1498, Mhz Limit: 2600
Processor Information for processor 6
  Max Mhz: 2600, Current Mhz: 1498, Mhz Limit: 2600
Processor Information for processor 7
  Max Mhz: 2600, Current Mhz: 1498, Mhz Limit: 2600

Memory: 4k page, system-wide physical 6005M (514M free)
TotalPageFile size 17369M (AvailPageFile size 59M)
current process WorkingSet (physical memory assigned to process): 24M, peak: 24M
current process commit charge ("private bytes"): 76M, peak: 76M

vm_info: OpenJDK 64-Bit Server VM (23.0.1+11) for windows-amd64 JRE (23.0.1+11) (Zulu23.30+13-CA), built on 2024-10-04T17:23:40Z with MS VC++ 17.1 (VS2022)

END.
