#
# There is insufficient memory for the Java Runtime Environment to continue.
# Native memory allocation (malloc) failed to allocate 1048576 bytes. Error detail: AllocateHeap
# Possible reasons:
#   The system is out of physical RAM or swap space
#   This process is running with CompressedOops enabled, and the Java Heap may be blocking the growth of the native heap
# Possible solutions:
#   Reduce memory load on the system
#   Increase physical memory or swap space
#   Check if swap backing store is full
#   Decrease Java heap size (-Xmx/-Xms)
#   Decrease number of Java threads
#   Decrease Java thread stack sizes (-Xss)
#   Set larger code cache with -XX:ReservedCodeCacheSize=
#   JVM is running with Unscaled Compressed Oops mode in which the Java heap is
#     placed in the first 4GB address space. The Java Heap base address is the
#     maximum limit for the native heap growth. Please use -XX:HeapBaseMinAddress
#     to set the Java Heap base and to place the Java Heap above 4GB virtual address.
# This output file may be truncated or incomplete.
#
#  Out of Memory Error (allocation.cpp:44), pid=60036, tid=62472
#
# JRE version:  (23.0.1+11) (build )
# Java VM: OpenJDK 64-Bit Server VM (23.0.1+11, mixed mode, sharing, tiered, compressed oops, compressed class ptrs, g1 gc, windows-amd64)
# No core dump will be written. Minidumps are not enabled by default on client versions of Windows
#

---------------  S U M M A R Y ------------

Command Line: -Dapplication.home=D:\download\zulu23.30.13-ca-fx-jdk23.0.1-win_x64\zulu23.30.13-ca-fx-jdk23.0.1-win_x64 --add-modules=ALL-DEFAULT -Xms8m -Djdk.module.main=jdk.compiler jdk.compiler/com.sun.tools.javac.Main -d D:\YEAR 1 SEM 1\CODING FOP LAB\assignment\TO DO LIST\build\classes -classpath D:\YEAR 1 SEM 1\CODING FOP LAB\assignment\TO DO LIST\build\classes;D:\download\mysql-connector-j-9.1.0\mysql-connector-j-9.1.0.jar -sourcepath D:\YEAR 1 SEM 1\CODING FOP LAB\assignment\TO DO LIST\src -target 23 -encoding UTF-8 -g -processorpath D:\download\mysql-connector-j-9.1.0\mysql-connector-j-9.1.0.jar;D:\YEAR 1 SEM 1\CODING FOP LAB\assignment\TO DO LIST\build\empty -s D:\YEAR 1 SEM 1\CODING FOP LAB\assignment\TO DO LIST\build\generated-sources\ap-source-output -source 23 D:\YEAR 1 SEM 1\CODING FOP LAB\assignment\TO DO LIST\src\to\pkgdo\list\TODOLIST.java

Host: AMD Ryzen 3 5300U with Radeon Graphics         , 8 cores, 5G,  Windows 10 , 64 bit Build 19041 (10.0.19041.5198)
Time: Sun Jan  5 22:25:44 2025 Malay Peninsula Standard Time elapsed time: 0.018472 seconds (0d 0h 0m 0s)

---------------  T H R E A D  ---------------

Current thread (0x0000016d392cecc0):  JavaThread "Unknown thread" [_thread_in_vm, id=62472, stack(0x000000142ef00000,0x000000142f000000) (1024K)]

Stack: [0x000000142ef00000,0x000000142f000000]
Native frames: (J=compiled Java code, j=interpreted, Vv=VM code, C=native code)
V  [jvm.dll+0x6ef889]  (no source info available)
V  [jvm.dll+0x8e04e3]  (no source info available)
V  [jvm.dll+0x8e27ae]  (no source info available)
V  [jvm.dll+0x8e2e93]  (no source info available)
V  [jvm.dll+0x285b86]  (no source info available)
V  [jvm.dll+0xb7497]  (no source info available)
V  [jvm.dll+0x332b88]  (no source info available)
V  [jvm.dll+0x8a5d09]  (no source info available)
V  [jvm.dll+0x3c5bd8]  (no source info available)
V  [jvm.dll+0x88e93c]  (no source info available)
V  [jvm.dll+0x45fbae]  (no source info available)
V  [jvm.dll+0x4619f1]  (no source info available)
C  [jli.dll+0x52a3]  (no source info available)
C  [ucrtbase.dll+0x21bb2]  (no source info available)
C  [KERNEL32.DLL+0x17374]  (no source info available)
C  [ntdll.dll+0x4cc91]  (no source info available)

Lock stack of current Java thread (top to bottom):


---------------  P R O C E S S  ---------------

Threads class SMR info:
_java_thread_list=0x00007ffaffd81ad8, length=0, elements={
}

Java Threads: ( => current thread )
Total: 0

Other Threads:

=>0x0000016d392cecc0 (exited) JavaThread "Unknown thread"    [_thread_in_vm, id=62472, stack(0x000000142ef00000,0x000000142f000000) (1024K)]
Total: 1

Threads with active compile tasks:
Total: 0

VM state: not at safepoint (not fully initialized)

VM Mutex/Monitor currently owned by a thread: None

Heap address: 0x0000000000000000, size: 0 MB, Compressed Oops mode: 32-bit

CDS archive(s) mapped at: [0x0000000000000000-0x0000000000000000-0x0000000000000000), size 0, SharedBaseAddress: 0x0000000800000000, ArchiveRelocationMode: 1.
Narrow klass base: 0x0000000000000000, Narrow klass shift: 0, Narrow klass range: 0x0

GC Precious Log:
 CardTable entry size: 512
 Card Set container configuration: InlinePtr #cards 5 size 8 Array Of Cards #cards 10 size 36 Howl #buckets 4 coarsen threshold 1843 Howl Bitmap #cards 512 size 80 coarsen threshold 460 Card regions per heap region 1 cards per card region 2048

GC Heap History (0 events):
No events

Dll operation events (1 events):
Event: 0.014 Loaded shared library D:\download\zulu23.30.13-ca-fx-jdk23.0.1-win_x64\zulu23.30.13-ca-fx-jdk23.0.1-win_x64\bin\java.dll

Deoptimization events (0 events):
No events

Classes loaded (0 events):
No events

Classes unloaded (0 events):
No events

Classes redefined (0 events):
No events

Internal exceptions (0 events):
No events

VM Operations (0 events):
No events

Memory protections (0 events):
No events

Nmethod flushes (0 events):
No events

Events (0 events):
No events


Dynamic libraries:
0x00007ff623f90000 - 0x00007ff623f98000 	D:\download\zulu23.30.13-ca-fx-jdk23.0.1-win_x64\zulu23.30.13-ca-fx-jdk23.0.1-win_x64\bin\javac.exe
0x00007ffb82270000 - 0x00007ffb82468000 	C:\WINDOWS\SYSTEM32\ntdll.dll
0x00007ffb53ba0000 - 0x00007ffb53bba000 	C:\Program Files\Avast Software\Avast\aswhook.dll
0x00007ffb803b0000 - 0x00007ffb80472000 	C:\WINDOWS\System32\KERNEL32.DLL
0x00007ffb7ff00000 - 0x00007ffb801fe000 	C:\WINDOWS\System32\KERNELBASE.dll
0x00007ffb7fc90000 - 0x00007ffb7fd90000 	C:\WINDOWS\System32\ucrtbase.dll
0x00007ffb77cd0000 - 0x00007ffb77ceb000 	D:\download\zulu23.30.13-ca-fx-jdk23.0.1-win_x64\zulu23.30.13-ca-fx-jdk23.0.1-win_x64\bin\VCRUNTIME140.dll
0x00007ffb77cf0000 - 0x00007ffb77d07000 	D:\download\zulu23.30.13-ca-fx-jdk23.0.1-win_x64\zulu23.30.13-ca-fx-jdk23.0.1-win_x64\bin\jli.dll
0x00007ffb81fa0000 - 0x00007ffb8213d000 	C:\WINDOWS\System32\USER32.dll
0x00007ffb7f910000 - 0x00007ffb7f932000 	C:\WINDOWS\System32\win32u.dll
0x00007ffb813b0000 - 0x00007ffb813db000 	C:\WINDOWS\System32\GDI32.dll
0x00007ffb6edd0000 - 0x00007ffb6f06a000 	C:\WINDOWS\WinSxS\amd64_microsoft.windows.common-controls_6595b64144ccf1df_6.0.19041.4355_none_60b8b9eb71f62e16\COMCTL32.dll
0x00007ffb7fd90000 - 0x00007ffb7fea7000 	C:\WINDOWS\System32\gdi32full.dll
0x00007ffb7fbc0000 - 0x00007ffb7fc5d000 	C:\WINDOWS\System32\msvcp_win.dll
0x00007ffb80290000 - 0x00007ffb8032e000 	C:\WINDOWS\System32\msvcrt.dll
0x00007ffb81d60000 - 0x00007ffb81d8f000 	C:\WINDOWS\System32\IMM32.DLL
0x00007ffb7c4e0000 - 0x00007ffb7c4ec000 	D:\download\zulu23.30.13-ca-fx-jdk23.0.1-win_x64\zulu23.30.13-ca-fx-jdk23.0.1-win_x64\bin\vcruntime140_1.dll
0x00007ffb352b0000 - 0x00007ffb3533e000 	D:\download\zulu23.30.13-ca-fx-jdk23.0.1-win_x64\zulu23.30.13-ca-fx-jdk23.0.1-win_x64\bin\msvcp140.dll
0x00007ffaff110000 - 0x00007ffaffee6000 	D:\download\zulu23.30.13-ca-fx-jdk23.0.1-win_x64\zulu23.30.13-ca-fx-jdk23.0.1-win_x64\bin\server\jvm.dll
0x00007ffb806f0000 - 0x00007ffb807a1000 	C:\WINDOWS\System32\ADVAPI32.dll
0x00007ffb80980000 - 0x00007ffb80a1f000 	C:\WINDOWS\System32\sechost.dll
0x00007ffb80480000 - 0x00007ffb805a3000 	C:\WINDOWS\System32\RPCRT4.dll
0x00007ffb7fc60000 - 0x00007ffb7fc87000 	C:\WINDOWS\System32\bcrypt.dll
0x00007ffb818b0000 - 0x00007ffb8191b000 	C:\WINDOWS\System32\WS2_32.dll
0x00007ffb73a00000 - 0x00007ffb73a27000 	C:\WINDOWS\SYSTEM32\WINMM.dll
0x00007ffb7f770000 - 0x00007ffb7f7bb000 	C:\WINDOWS\SYSTEM32\POWRPROF.dll
0x00007ffb76d00000 - 0x00007ffb76d0a000 	C:\WINDOWS\SYSTEM32\VERSION.dll
0x00007ffb7f750000 - 0x00007ffb7f762000 	C:\WINDOWS\SYSTEM32\UMPDC.dll
0x00007ffb7d790000 - 0x00007ffb7d7a2000 	C:\WINDOWS\SYSTEM32\kernel.appcore.dll
0x00007ffb77cc0000 - 0x00007ffb77cca000 	D:\download\zulu23.30.13-ca-fx-jdk23.0.1-win_x64\zulu23.30.13-ca-fx-jdk23.0.1-win_x64\bin\jimage.dll
0x00007ffb77110000 - 0x00007ffb772f4000 	C:\WINDOWS\SYSTEM32\DBGHELP.DLL
0x00007ffb74da0000 - 0x00007ffb74dd4000 	C:\WINDOWS\SYSTEM32\dbgcore.DLL
0x00007ffb80200000 - 0x00007ffb80282000 	C:\WINDOWS\System32\bcryptPrimitives.dll
0x00007ffb646a0000 - 0x00007ffb646be000 	D:\download\zulu23.30.13-ca-fx-jdk23.0.1-win_x64\zulu23.30.13-ca-fx-jdk23.0.1-win_x64\bin\java.dll
0x00007ffb805c0000 - 0x00007ffb806eb000 	C:\WINDOWS\System32\ole32.dll
0x00007ffb81920000 - 0x00007ffb81c73000 	C:\WINDOWS\System32\combase.dll
0x00007ffb80a20000 - 0x00007ffb8118d000 	C:\WINDOWS\System32\SHELL32.dll

dbghelp: loaded successfully - version: 4.0.5 - missing functions: none
symbol engine: initialized successfully - sym options: 0x614 - pdb path: .;D:\download\zulu23.30.13-ca-fx-jdk23.0.1-win_x64\zulu23.30.13-ca-fx-jdk23.0.1-win_x64\bin;C:\WINDOWS\SYSTEM32;C:\Program Files\Avast Software\Avast;C:\WINDOWS\WinSxS\amd64_microsoft.windows.common-controls_6595b64144ccf1df_6.0.19041.4355_none_60b8b9eb71f62e16;D:\download\zulu23.30.13-ca-fx-jdk23.0.1-win_x64\zulu23.30.13-ca-fx-jdk23.0.1-win_x64\bin\server

VM Arguments:
jvm_args: -Dapplication.home=D:\download\zulu23.30.13-ca-fx-jdk23.0.1-win_x64\zulu23.30.13-ca-fx-jdk23.0.1-win_x64 --add-modules=ALL-DEFAULT -Xms8m -Djdk.module.main=jdk.compiler 
java_command: jdk.compiler/com.sun.tools.javac.Main -d D:\YEAR 1 SEM 1\CODING FOP LAB\assignment\TO DO LIST\build\classes -classpath D:\YEAR 1 SEM 1\CODING FOP LAB\assignment\TO DO LIST\build\classes;D:\download\mysql-connector-j-9.1.0\mysql-connector-j-9.1.0.jar -sourcepath D:\YEAR 1 SEM 1\CODING FOP LAB\assignment\TO DO LIST\src -target 23 -encoding UTF-8 -g -processorpath D:\download\mysql-connector-j-9.1.0\mysql-connector-j-9.1.0.jar;D:\YEAR 1 SEM 1\CODING FOP LAB\assignment\TO DO LIST\build\empty -s D:\YEAR 1 SEM 1\CODING FOP LAB\assignment\TO DO LIST\build\generated-sources\ap-source-output -source 23 D:\YEAR 1 SEM 1\CODING FOP LAB\assignment\TO DO LIST\src\to\pkgdo\list\TODOLIST.java
java_class_path (initial): <not set>
Launcher Type: SUN_STANDARD

[Global flags]
     intx CICompilerCount                          = 4                                         {product} {ergonomic}
     uint ConcGCThreads                            = 2                                         {product} {ergonomic}
     uint G1ConcRefinementThreads                  = 8                                         {product} {ergonomic}
   size_t G1HeapRegionSize                         = 1048576                                   {product} {ergonomic}
   size_t InitialHeapSize                          = 8388608                                   {product} {command line}
   size_t MarkStackSize                            = 4194304                                   {product} {ergonomic}
   size_t MaxHeapSize                              = 1574961152                                {product} {ergonomic}
   size_t MinHeapDeltaBytes                        = 1048576                                   {product} {ergonomic}
   size_t MinHeapSize                              = 8388608                                   {product} {command line}
    uintx NonNMethodCodeHeapSize                   = 5832704                                {pd product} {ergonomic}
    uintx NonProfiledCodeHeapSize                  = 122945536                              {pd product} {ergonomic}
    uintx ProfiledCodeHeapSize                     = 122880000                              {pd product} {ergonomic}
    uintx ReservedCodeCacheSize                    = 251658240                              {pd product} {ergonomic}
     bool SegmentedCodeCache                       = true                                      {product} {ergonomic}
   size_t SoftMaxHeapSize                          = 1574961152                             {manageable} {ergonomic}
     bool UseCompressedOops                        = true                           {product lp64_product} {ergonomic}
     bool UseG1GC                                  = true                                      {product} {ergonomic}
     bool UseLargePagesIndividualAllocation        = false                                  {pd product} {ergonomic}

Logging:
Log output configuration:
 #0: stdout all=warning uptime,level,tags foldmultilines=false
 #1: stderr all=off uptime,level,tags foldmultilines=false

Environment Variables:
JAVA_HOME=C:\Program Files\Java\jdk-23
PATH=C:\Program Files\Common Files\Oracle\Java\javapath;C:\Program Files (x86)\Common Files\Oracle\Java\javapath;C:\ProgramData\Oracle\Java\javapath;C:\WINDOWS\system32;C:\WINDOWS;C:\WINDOWS\System32\Wbem;C:\WINDOWS\System32\WindowsPowerShell\v1.0\;C:\WINDOWS\System32\OpenSSH\;C:\Program Files\nodejs\;C:\Program Files\Git\cmd;C:\Program Files\PuTTY\;C:\Users\user\AppData\Local\Microsoft\WindowsApps;C:\Users\user\AppData\Local\Programs\Microsoft VS Code\bin;C:\Users\user\AppData\Roaming\npm;C:\Program Files\Java\jdk-23\bin;
USERNAME=user
OS=Windows_NT
PROCESSOR_IDENTIFIER=AMD64 Family 23 Model 104 Stepping 1, AuthenticAMD
TMP=C:\Users\user\AppData\Local\Temp
TEMP=C:\Users\user\AppData\Local\Temp




Periodic native trim disabled

---------------  S Y S T E M  ---------------

OS:
 Windows 10 , 64 bit Build 19041 (10.0.19041.5198)
OS uptime: 3 days 22:18 hours

CPU: total 8 (initial active 8) (8 cores per cpu, 2 threads per core) family 23 model 104 stepping 1 microcode 0x0, cx8, cmov, fxsr, ht, mmx, 3dnowpref, sse, sse2, sse3, ssse3, sse4a, sse4.1, sse4.2, popcnt, lzcnt, tsc, tscinvbit, avx, avx2, aes, clmul, bmi1, bmi2, adx, sha, fma, vzeroupper, clflush, clflushopt, rdtscp, rdpid, f16c
Processor Information for processor 0
  Max Mhz: 2600, Current Mhz: 1498, Mhz Limit: 2600
Processor Information for processor 1
  Max Mhz: 2600, Current Mhz: 1498, Mhz Limit: 2600
Processor Information for processor 2
  Max Mhz: 2600, Current Mhz: 1498, Mhz Limit: 2600
Processor Information for processor 3
  Max Mhz: 2600, Current Mhz: 1498, Mhz Limit: 2600
Processor Information for processor 4
  Max Mhz: 2600, Current Mhz: 1896, Mhz Limit: 2600
Processor Information for processor 5
  Max Mhz: 2600, Current Mhz: 1498, Mhz Limit: 2600
Processor Information for processor 6
  Max Mhz: 2600, Current Mhz: 1498, Mhz Limit: 2600
Processor Information for processor 7
  Max Mhz: 2600, Current Mhz: 1498, Mhz Limit: 2600

Memory: 4k page, system-wide physical 6005M (447M free)
TotalPageFile size 17369M (AvailPageFile size 8M)
current process WorkingSet (physical memory assigned to process): 11M, peak: 11M
current process commit charge ("private bytes"): 18M, peak: 19M

vm_info: OpenJDK 64-Bit Server VM (23.0.1+11) for windows-amd64 JRE (23.0.1+11) (Zulu23.30+13-CA), built on 2024-10-04T17:23:40Z with MS VC++ 17.1 (VS2022)

END.
